api [2020-33-21 HH-07-46] INFO: ::1 - - "POST /api/admin HTTP/1.1" 200 147 "" "PostmanRuntime/7.26.1" 
 T3L9RE33NQT0VLB
api [2020-34-21 HH-07-23] INFO: ::1 - - "POST /api/admin HTTP/1.1" 200 147 "" "PostmanRuntime/7.26.1" 
 T3L9RE33NQT0VLB
api [2020-40-21 HH-07-26] INFO: ::1 - - "POST /api/admin HTTP/1.1" 200 155 "" "PostmanRuntime/7.26.1" 
 T3L9RE33NQT0VLB
api [2020-55-21 HH-07-33] INFO: ::1 - - "POST /api/admin HTTP/1.1" 200 155 "" "PostmanRuntime/7.26.1" 
 T3L9RE33NQT0VLB
api [2020-57-21 HH-07-09] INFO: ::1 - - "GET /api/admin HTTP/1.1" 200 187 "" "PostmanRuntime/7.26.1" 
 T3L9RE33NQT0VLB
api [2020-57-21 HH-07-26] INFO: ::1 - - "GET /api/admin?page=1&limit=10 HTTP/1.1" 200 206 "" "PostmanRuntime/7.26.1" 
 T3L9RE33NQT0VLB
api [2020-01-21 HH-07-15] INFO: ::1 - - "PUT /api/admin HTTP/1.1" 404 148 "" "PostmanRuntime/7.26.1" 
 T3L9RE33NQT0VLB
api [2020-01-21 HH-07-32] INFO: ::1 - - "PUT /api/admin/6 HTTP/1.1" 200 147 "" "PostmanRuntime/7.26.1" 
 T3L9RE33NQT0VLB
api [2020-02-21 HH-07-54] INFO: ::1 - - "PUT /api/admin/6 HTTP/1.1" 200 147 "" "PostmanRuntime/7.26.1" 
 T3L9RE33NQT0VLB
api [2020-02-21 HH-07-59] INFO: ::1 - - "PUT /api/admin/6 HTTP/1.1" 200 147 "" "PostmanRuntime/7.26.1" 
 T3L9RE33NQT0VLB
api [2020-03-21 HH-07-18] INFO: ::1 - - "PUT /api/admin/6 HTTP/1.1" 200 181 "" "PostmanRuntime/7.26.1" 
 T3L9RE33NQT0VLB
api [2020-06-21 HH-07-30] INFO: ::1 - - "PUT /api/admin/6 HTTP/1.1" 200 147 "" "PostmanRuntime/7.26.1" 
 T3L9RE33NQT0VLB
api [2020-06-21 HH-07-57] INFO: ::1 - - "PUT /api/admin/6 HTTP/1.1" 200 185 "" "PostmanRuntime/7.26.1" 
 T3L9RE33NQT0VLB
api [2020-07-21 HH-07-45] INFO: ::1 - - "PUT /api/admin/6 HTTP/1.1" 200 62 "" "PostmanRuntime/7.26.1" 
 T3L9RE33NQT0VLB
api [2020-08-21 HH-07-59] INFO: ::1 - - "PUT /api/admin/6 HTTP/1.1" 200 194 "" "PostmanRuntime/7.26.1" 
 T3L9RE33NQT0VLB
api [2020-09-21 HH-07-38] INFO: ::1 - - "DELETE /api/admin/6 HTTP/1.1" 200 216 "" "PostmanRuntime/7.26.1" 
 T3L9RE33NQT0VLB
api [2020-10-21 HH-07-44] INFO: ::1 - - "POST /api/admin HTTP/1.1" 200 62 "" "PostmanRuntime/7.26.1" 
 T3L9RE33NQT0VLB
api [2020-11-21 HH-07-13] INFO: ::1 - - "POST /api/admin HTTP/1.1" 200 177 "" "PostmanRuntime/7.26.1" 
 T3L9RE33NQT0VLB
api [2020-11-21 HH-07-29] INFO: ::1 - - "POST /api/admin/login HTTP/1.1" 200 49 "" "PostmanRuntime/7.26.1" 
 T3L9RE33NQT0VLB
api [2020-11-21 HH-07-46] INFO: ::1 - - "POST /api/admin/login HTTP/1.1" 200 148 "" "PostmanRuntime/7.26.1" 
 T3L9RE33NQT0VLB
