api [2020-00-23 HH-07-13] INFO: ::1 - - "PUT /api/blog HTTP/1.1" 404 147 "" "PostmanRuntime/7.26.1" 
 T3L9RE33NQT0VLB
api [2020-00-23 HH-07-38] INFO: ::1 - - "PUT /api/blog HTTP/1.1" 404 147 "" "PostmanRuntime/7.26.1" 
 T3L9RE33NQT0VLB
api [2020-00-23 HH-07-40] INFO: ::1 - - "PUT /api/blog HTTP/1.1" 404 147 "" "PostmanRuntime/7.26.1" 
 T3L9RE33NQT0VLB
api [2020-00-23 HH-07-41] INFO: ::1 - - "PUT /api/blog HTTP/1.1" 404 147 "" "PostmanRuntime/7.26.1" 
 T3L9RE33NQT0VLB
api [2020-00-23 HH-07-41] INFO: ::1 - - "PUT /api/blog HTTP/1.1" 404 147 "" "PostmanRuntime/7.26.1" 
 T3L9RE33NQT0VLB
api [2020-00-23 HH-07-43] INFO: ::1 - - "PUT /api/blog HTTP/1.1" 404 147 "" "PostmanRuntime/7.26.1" 
 T3L9RE33NQT0VLB
api [2020-00-23 HH-07-43] INFO: ::1 - - "PUT /api/blog HTTP/1.1" 404 147 "" "PostmanRuntime/7.26.1" 
 T3L9RE33NQT0VLB
api [2020-00-23 HH-07-45] INFO: ::1 - - "PUT /api/blog HTTP/1.1" 404 147 "" "PostmanRuntime/7.26.1" 
 T3L9RE33NQT0VLB
api [2020-01-23 HH-07-02] INFO: ::1 - - "POST /api/blog HTTP/1.1" 200 249 "" "PostmanRuntime/7.26.1" 
 T3L9RE33NQT0VLB
api [2020-05-23 HH-07-36] INFO: ::1 - - "PUT /api/blog/29 HTTP/1.1" 200 262 "" "PostmanRuntime/7.26.1" 
 T3L9RE33NQT0VLB
api [2020-08-23 HH-07-51] INFO: ::1 - - "PUT /api/blog/29 HTTP/1.1" 200 262 "" "PostmanRuntime/7.26.1" 
 T3L9RE33NQT0VLB
api [2020-09-23 HH-07-24] INFO: ::1 - - "PUT /api/blog/29 HTTP/1.1" 200 262 "" "PostmanRuntime/7.26.1" 
 T3L9RE33NQT0VLB
api [2020-10-23 HH-07-28] INFO: ::1 - - "PUT /api/blog/29 HTTP/1.1" 200 262 "" "PostmanRuntime/7.26.1" 
 T3L9RE33NQT0VLB
api [2020-11-23 HH-07-30] INFO: ::1 - - "PUT /api/blog/29 HTTP/1.1" 200 262 "" "PostmanRuntime/7.26.1" 
 T3L9RE33NQT0VLB
api [2020-13-23 HH-07-18] INFO: ::1 - - "GET /api/blog/29 HTTP/1.1" 200 264 "" "PostmanRuntime/7.26.1" 
 T3L9RE33NQT0VLB
api [2020-13-23 HH-07-39] INFO: ::1 - - "GET /api/blog?page=1&limit=1 HTTP/1.1" 200 283 "" "PostmanRuntime/7.26.1" 
 T3L9RE33NQT0VLB
api [2020-13-23 HH-07-57] INFO: ::1 - - "DELETE /api/blog/29 HTTP/1.1" 200 284 "" "PostmanRuntime/7.26.1" 
 T3L9RE33NQT0VLB
api [2020-29-23 HH-07-53] INFO: ::1 - - "DELETE /api/blog/29 HTTP/1.1" 200 31 "" "PostmanRuntime/7.26.1" 
 T3L9RE33NQT0VLB
api [2020-34-23 HH-07-36] INFO: ::1 - - "POST /api/comment HTTP/1.1" 200 189 "" "PostmanRuntime/7.26.1" 
 T3L9RE33NQT0VLB
api [2020-35-23 HH-07-30] INFO: ::1 - - "POST /api/comment HTTP/1.1" 200 190 "" "PostmanRuntime/7.26.1" 
 T3L9RE33NQT0VLB
api [2020-36-23 HH-07-01] INFO: ::1 - - "PUT /api/comment/1 HTTP/1.1" 200 237 "" "PostmanRuntime/7.26.1" 
 T3L9RE33NQT0VLB
api [2020-36-23 HH-07-20] INFO: ::1 - - "GET /api/comment/1 HTTP/1.1" 200 239 "" "PostmanRuntime/7.26.1" 
 T3L9RE33NQT0VLB
api [2020-36-23 HH-07-35] INFO: ::1 - - "GET /api/comment HTTP/1.1" 200 435 "" "PostmanRuntime/7.26.1" 
 T3L9RE33NQT0VLB
api [2020-36-23 HH-07-49] INFO: ::1 - - "GET /api/comment?page=1&limit=1 HTTP/1.1" 200 255 "" "PostmanRuntime/7.26.1" 
 T3L9RE33NQT0VLB
api [2020-37-23 HH-07-10] INFO: ::1 - - "GET /api/comment?parentid=1 HTTP/1.1" 200 435 "" "PostmanRuntime/7.26.1" 
 T3L9RE33NQT0VLB
api [2020-37-23 HH-07-45] INFO: ::1 - - "GET /api/comment?parentid=1 HTTP/1.1" 200 236 "" "PostmanRuntime/7.26.1" 
 T3L9RE33NQT0VLB
api [2020-38-23 HH-07-05] INFO: ::1 - - "DELETE /api/comment/2 HTTP/1.1" 404 155 "" "PostmanRuntime/7.26.1" 
 T3L9RE33NQT0VLB
api [2020-38-23 HH-07-19] INFO: ::1 - - "DELETE /api/comment/2 HTTP/1.1" 200 256 "" "PostmanRuntime/7.26.1" 
 T3L9RE33NQT0VLB
api [2020-41-23 HH-07-54] INFO: ::1 - - "POST /api/admin HTTP/1.1" 200 31 "" "PostmanRuntime/7.26.1" 
 T3L9RE33NQT0VLB
api [2020-42-23 HH-07-28] INFO: ::1 - - "POST /api/admin HTTP/1.1" 200 31 "" "PostmanRuntime/7.26.1" 
 T3L9RE33NQT0VLB
api [2020-43-23 HH-07-36] INFO: ::1 - - "POST /api/admin HTTP/1.1" 200 31 "" "PostmanRuntime/7.26.1" 
 T3L9RE33NQT0VLB
api [2020-44-23 HH-07-18] INFO: ::1 - - "POST /api/admin HTTP/1.1" 200 31 "" "PostmanRuntime/7.26.1" 
 T3L9RE33NQT0VLB
api [2020-44-23 HH-07-38] INFO: ::1 - - "POST /api/admin HTTP/1.1" 200 31 "" "PostmanRuntime/7.26.1" 
 T3L9RE33NQT0VLB
api [2020-45-23 HH-07-18] INFO: ::1 - - "POST /api/admin HTTP/1.1" 200 31 "" "PostmanRuntime/7.26.1" 
 T3L9RE33NQT0VLB
api [2020-47-23 HH-07-19] INFO: ::1 - - "POST /api/admin HTTP/1.1" 200 31 "" "PostmanRuntime/7.26.1" 
 T3L9RE33NQT0VLB
api [2020-48-23 HH-07-02] INFO: ::1 - - "POST /api/admin HTTP/1.1" 200 31 "" "PostmanRuntime/7.26.1" 
 T3L9RE33NQT0VLB
api [2020-49-23 HH-07-12] INFO: ::1 - - "POST /api/admin HTTP/1.1" 200 31 "" "PostmanRuntime/7.26.1" 
 T3L9RE33NQT0VLB
api [2020-50-23 HH-07-27] INFO: ::1 - - "POST /api/admin HTTP/1.1" 200 31 "" "PostmanRuntime/7.26.1" 
 T3L9RE33NQT0VLB
api [2020-51-23 HH-07-09] INFO: ::1 - - "POST /api/admin HTTP/1.1" 200 31 "" "PostmanRuntime/7.26.1" 
 T3L9RE33NQT0VLB
api [2020-51-23 HH-07-54] INFO: ::1 - - "POST /api/admin HTTP/1.1" 200 31 "" "PostmanRuntime/7.26.1" 
 T3L9RE33NQT0VLB
api [2020-52-23 HH-07-59] INFO: ::1 - - "POST /api/admin HTTP/1.1" 200 151 "" "PostmanRuntime/7.26.1" 
 T3L9RE33NQT0VLB
api [2020-00-23 HH-07-33] INFO: ::1 - - "POST /api/blog HTTP/1.1" 200 186 "" "PostmanRuntime/7.26.1" 
 T3L9RE33NQT0VLB
api [2020-09-23 HH-07-53] INFO: ::1 - - "POST /api/admin HTTP/1.1" 200 31 "" "PostmanRuntime/7.26.1" 
 T3L9RE33NQT0VLB
api [2020-10-23 HH-07-31] INFO: ::1 - - "POST /api/admin HTTP/1.1" 200 31 "" "PostmanRuntime/7.26.1" 
 T3L9RE33NQT0VLB
api [2020-10-23 HH-07-58] INFO: ::1 - - "POST /api/admin HTTP/1.1" 200 152 "" "PostmanRuntime/7.26.1" 
 T3L9RE33NQT0VLB
api [2020-11-23 HH-07-14] INFO: ::1 - - "POST /api/admin HTTP/1.1" 200 31 "" "PostmanRuntime/7.26.1" 
 T3L9RE33NQT0VLB
api [2020-15-23 HH-07-39] INFO: ::1 - - "GET /api/admin?loginId=sunshanfeng HTTP/1.1" 200 196 "" "PostmanRuntime/7.26.1" 
 T3L9RE33NQT0VLB
api [2020-18-23 HH-07-57] INFO: ::1 - - "POST /api/admin HTTP/1.1" 200 152 "" "PostmanRuntime/7.26.1" 
 T3L9RE33NQT0VLB
api [2020-19-23 HH-07-06] INFO: ::1 - - "POST /api/admin HTTP/1.1" 200 31 "" "PostmanRuntime/7.26.1" 
 T3L9RE33NQT0VLB
api [2020-21-23 HH-07-20] INFO: ::1 - - "POST /api/admin HTTP/1.1" 200 31 "" "PostmanRuntime/7.26.1" 
 T3L9RE33NQT0VLB
api [2020-21-23 HH-07-42] INFO: ::1 - - "POST /api/admin HTTP/1.1" 200 31 "" "PostmanRuntime/7.26.1" 
 T3L9RE33NQT0VLB
api [2020-22-23 HH-07-44] INFO: ::1 - - "POST /api/admin HTTP/1.1" 200 31 "" "PostmanRuntime/7.26.1" 
 T3L9RE33NQT0VLB
api [2020-23-23 HH-07-59] INFO: ::1 - - "POST /api/admin HTTP/1.1" 200 152 "" "PostmanRuntime/7.26.1" 
 T3L9RE33NQT0VLB
api [2020-24-23 HH-07-43] INFO: ::1 - - "POST /api/admin HTTP/1.1" 200 31 "" "PostmanRuntime/7.26.1" 
 T3L9RE33NQT0VLB
api [2020-25-23 HH-07-32] INFO: ::1 - - "POST /api/admin HTTP/1.1" 200 56 "" "PostmanRuntime/7.26.1" 
 T3L9RE33NQT0VLB
api [2020-48-23 HH-07-33] INFO: ::1 - - "PUT /api/admin/8 HTTP/1.1" 200 62 "" "PostmanRuntime/7.26.1" 
 T3L9RE33NQT0VLB
api [2020-49-23 HH-07-09] INFO: ::1 - - "PUT /api/admin/7 HTTP/1.1" 200 62 "" "PostmanRuntime/7.26.1" 
 T3L9RE33NQT0VLB
api [2020-49-23 HH-07-34] INFO: ::1 - - "PUT /api/admin/7 HTTP/1.1" 200 62 "" "PostmanRuntime/7.26.1" 
 T3L9RE33NQT0VLB
api [2020-49-23 HH-07-38] INFO: ::1 - - "GET /api/admin/7 HTTP/1.1" 200 196 "" "PostmanRuntime/7.26.1" 
 T3L9RE33NQT0VLB
api [2020-49-23 HH-07-50] INFO: ::1 - - "PUT /api/admin/7 HTTP/1.1" 200 62 "" "PostmanRuntime/7.26.1" 
 T3L9RE33NQT0VLB
api [2020-50-23 HH-07-25] INFO: ::1 - - "PUT /api/admin/7 HTTP/1.1" 200 62 "" "PostmanRuntime/7.26.1" 
 T3L9RE33NQT0VLB
api [2020-50-23 HH-07-57] INFO: ::1 - - "PUT /api/admin/7 HTTP/1.1" 200 62 "" "PostmanRuntime/7.26.1" 
 T3L9RE33NQT0VLB
api [2020-51-23 HH-07-30] INFO: ::1 - - "PUT /api/admin/7 HTTP/1.1" 200 62 "" "PostmanRuntime/7.26.1" 
 T3L9RE33NQT0VLB
api [2020-51-23 HH-07-57] INFO: ::1 - - "PUT /api/admin/7 HTTP/1.1" 200 62 "" "PostmanRuntime/7.26.1" 
 T3L9RE33NQT0VLB
api [2020-54-23 HH-07-09] INFO: ::1 - - "PUT /api/admin/7 HTTP/1.1" 200 62 "" "PostmanRuntime/7.26.1" 
 T3L9RE33NQT0VLB
api [2020-54-23 HH-07-57] INFO: ::1 - - "PUT /api/admin/7 HTTP/1.1" 200 190 "" "PostmanRuntime/7.26.1" 
 T3L9RE33NQT0VLB
api [2020-09-23 HH-07-09] INFO: ::1 - - "DELETE /api/admin/8 HTTP/1.1" 200 59 "" "PostmanRuntime/7.26.1" 
 T3L9RE33NQT0VLB
api [2020-19-23 HH-07-49] INFO: ::1 - - "GET /api/admin HTTP/1.1" 200 336 "" "PostmanRuntime/7.26.1" 
 T3L9RE33NQT0VLB
api [2020-21-23 HH-07-42] INFO: ::1 - - "GET /api/comment HTTP/1.1" 200 240 "" "PostmanRuntime/7.26.1" 
 T3L9RE33NQT0VLB
api [2020-33-23 HH-07-40] INFO: ::1 - - "GET /api/comment/7 HTTP/1.1" 200 41 "" "PostmanRuntime/7.26.1" 
 T3L9RE33NQT0VLB
api [2020-34-23 HH-07-12] INFO: ::1 - - "GET /api/comment?loginId=abcdefg HTTP/1.1" 200 240 "" "PostmanRuntime/7.26.1" 
 T3L9RE33NQT0VLB
api [2020-34-23 HH-07-45] INFO: ::1 - - "GET /api/admin/7 HTTP/1.1" 200 192 "" "PostmanRuntime/7.26.1" 
 T3L9RE33NQT0VLB
api [2020-35-23 HH-07-07] INFO: ::1 - - "GET /api/admin?loginId=abcdefg HTTP/1.1" 200 336 "" "PostmanRuntime/7.26.1" 
 T3L9RE33NQT0VLB
api [2020-35-23 HH-07-20] INFO: ::1 - - "GET /api/admin?loginId=abcdefg HTTP/1.1" 200 336 "" "PostmanRuntime/7.26.1" 
 T3L9RE33NQT0VLB
api [2020-36-23 HH-07-04] INFO: ::1 - - "GET /api/admin?loginId=abcdefg HTTP/1.1" 200 336 "" "PostmanRuntime/7.26.1" 
 T3L9RE33NQT0VLB
api [2020-39-23 HH-07-34] INFO: ::1 - - "GET /api/admin?loginId=abcdefg HTTP/1.1" 200 192 "" "PostmanRuntime/7.26.1" 
 T3L9RE33NQT0VLB
api [2020-44-23 HH-07-46] INFO: ::1 - - "GET /api/tags?page=1 HTTP/1.1" 200 60 "" "PostmanRuntime/7.26.1" 
 T3L9RE33NQT0VLB
api [2020-53-23 HH-07-32] INFO: ::1 - - "GET /api/admin?page=1 HTTP/1.1" 200 355 "" "PostmanRuntime/7.26.1" 
 T3L9RE33NQT0VLB
api [2020-53-23 HH-07-47] INFO: ::1 - - "GET /api/admin?page=1&limit=1 HTTP/1.1" 200 203 "" "PostmanRuntime/7.26.1" 
 T3L9RE33NQT0VLB
api [2020-02-23 HH-07-46] INFO: ::1 - - "POST /api/admin/login HTTP/1.1" 200 144 "" "PostmanRuntime/7.26.1" 
 T3L9RE33NQT0VLB
api [2020-05-23 HH-07-20] INFO: ::1 - - "POST /api/admin/login HTTP/1.1" 200 59 "" "PostmanRuntime/7.26.1" 
 T3L9RE33NQT0VLB
api [2020-05-23 HH-07-26] INFO: ::1 - - "POST /api/admin/login HTTP/1.1" 200 144 "" "PostmanRuntime/7.26.1" 
 T3L9RE33NQT0VLB
api [2020-42-23 HH-07-12] INFO: ::1 - - "GET /api/admin HTTP/1.1" 200 336 "" "PostmanRuntime/7.26.1" 
 T3L9RE33NQT0VLB
api [2020-42-23 HH-07-57] INFO: ::1 - - "GET /api/admin?loginId=abcdefg HTTP/1.1" 200 192 "" "PostmanRuntime/7.26.1" 
 T3L9RE33NQT0VLB
api [2020-43-23 HH-07-13] INFO: ::1 - - "GET /api/admin?page=1&limit=1 HTTP/1.1" 200 203 "" "PostmanRuntime/7.26.1" 
 T3L9RE33NQT0VLB
api [2020-45-23 HH-07-34] INFO: ::1 - - "GET /api/bolg HTTP/1.1" 404 147 "" "PostmanRuntime/7.26.1" 
 T3L9RE33NQT0VLB
api [2020-45-23 HH-07-44] INFO: ::1 - - "GET /api/blog HTTP/1.1" 200 41 "" "PostmanRuntime/7.26.1" 
 T3L9RE33NQT0VLB
api [2020-46-23 HH-07-18] INFO: ::1 - - "GET /api/blog?page=1 HTTP/1.1" 200 60 "" "PostmanRuntime/7.26.1" 
 T3L9RE33NQT0VLB
api [2020-52-23 HH-07-30] INFO: ::1 - - "GET /api/every HTTP/1.1" 200 135 "" "PostmanRuntime/7.26.1" 
 T3L9RE33NQT0VLB
api [2020-52-23 HH-07-49] INFO: ::1 - - "GET /api/every?page=1 HTTP/1.1" 200 154 "" "PostmanRuntime/7.26.1" 
 T3L9RE33NQT0VLB
api [2020-53-23 HH-07-01] INFO: ::1 - - "GET /api/every?name=%E5%AD%99%E5%B1%B1%E5%B3%B0 HTTP/1.1" 200 135 "" "PostmanRuntime/7.26.1" 
 T3L9RE33NQT0VLB
api [2020-54-23 HH-07-18] INFO: ::1 - - "GET /api/link HTTP/1.1" 200 41 "" "PostmanRuntime/7.26.1" 
 T3L9RE33NQT0VLB
api [2020-55-23 HH-07-01] INFO: ::1 - - "GET /api/link HTTP/1.1" 200 129 "" "PostmanRuntime/7.26.1" 
 T3L9RE33NQT0VLB
api [2020-55-23 HH-07-14] INFO: ::1 - - "GET /api/link?page=1 HTTP/1.1" 200 148 "" "PostmanRuntime/7.26.1" 
 T3L9RE33NQT0VLB
api [2020-55-23 HH-07-24] INFO: ::1 - - "GET /api/link?name=%E7%99%BE%E5%BA%A6 HTTP/1.1" 200 129 "" "PostmanRuntime/7.26.1" 
 T3L9RE33NQT0VLB
api [2020-57-23 HH-07-17] INFO: ::1 - - "GET /api/tagandbolg HTTP/1.1" 200 178 "" "PostmanRuntime/7.26.1" 
 T3L9RE33NQT0VLB
api [2020-57-23 HH-07-28] INFO: ::1 - - "GET /api/tagandbolg?page=1 HTTP/1.1" 200 197 "" "PostmanRuntime/7.26.1" 
 T3L9RE33NQT0VLB
api [2020-10-23 HH-07-22] INFO: ::1 - - "GET /api/tagandbolg HTTP/1.1" 200 178 "" "PostmanRuntime/7.26.1" 
 T3L9RE33NQT0VLB
api [2020-27-23 HH-07-12] INFO: ::1 - - "GET /api/tagandbolg/13 HTTP/1.1" 200 109 "" "PostmanRuntime/7.26.1" 
 T3L9RE33NQT0VLB
api [2020-27-23 HH-07-27] INFO: ::1 - - "GET /api/admin HTTP/1.1" 200 336 "" "PostmanRuntime/7.26.1" 
 T3L9RE33NQT0VLB
api [2020-27-23 HH-07-31] INFO: ::1 - - "GET /api/admin/7 HTTP/1.1" 200 192 "" "PostmanRuntime/7.26.1" 
 T3L9RE33NQT0VLB
api [2020-02-23 HH-07-12] INFO: ::1 - - "POST /api/admin HTTP/1.1" 200 152 "" "PostmanRuntime/7.26.1" 
 T3L9RE33NQT0VLB
api [2020-50-23 HH-07-00] INFO: ::1 - - "POST /api/blog HTTP/1.1" 200 232 "" "PostmanRuntime/7.26.1" 
 T3L9RE33NQT0VLB
