api [2020-35-22 HH-07-58] INFO: ::1 - - "POST /api/link HTTP/1.1" 200 121 "" "PostmanRuntime/7.26.1" 
 T3L9RE33NQT0VLB
api [2020-36-22 HH-07-50] INFO: ::1 - - "PUT /api/link/1 HTTP/1.1" 200 138 "" "PostmanRuntime/7.26.1" 
 T3L9RE33NQT0VLB
api [2020-37-22 HH-07-24] INFO: ::1 - - "PUT /api/link/1 HTTP/1.1" 200 145 "" "PostmanRuntime/7.26.1" 
 T3L9RE33NQT0VLB
api [2020-37-22 HH-07-43] INFO: ::1 - - "GET /api/link HTTP/1.1" 200 147 "" "PostmanRuntime/7.26.1" 
 T3L9RE33NQT0VLB
api [2020-38-22 HH-07-06] INFO: ::1 - - "GET /api/link?page=1&limit=10 HTTP/1.1" 200 166 "" "PostmanRuntime/7.26.1" 
 T3L9RE33NQT0VLB
api [2020-38-22 HH-07-47] INFO: ::1 - - "GET /api/link?name=%E7%99%BE%E5%BA%A6%E7%9A%84%E5%A4%A7%E7%AB%99 HTTP/1.1" 200 147 "" "PostmanRuntime/7.26.1" 
 T3L9RE33NQT0VLB
api [2020-38-22 HH-07-57] INFO: ::1 - - "GET /api/link/1 HTTP/1.1" 200 147 "" "PostmanRuntime/7.26.1" 
 T3L9RE33NQT0VLB
api [2020-39-22 HH-07-14] INFO: ::1 - - "DELETE /api/link/1 HTTP/1.1" 200 167 "" "PostmanRuntime/7.26.1" 
 T3L9RE33NQT0VLB
api [2020-28-22 HH-07-04] INFO: ::1 - - "POST /api/tags HTTP/1.1" 200 84 "" "PostmanRuntime/7.26.1" 
 T3L9RE33NQT0VLB
api [2020-28-22 HH-07-33] INFO: ::1 - - "POST /api/tags HTTP/1.1" 200 84 "" "PostmanRuntime/7.26.1" 
 T3L9RE33NQT0VLB
api [2020-29-22 HH-07-03] INFO: ::1 - - "PUT /api/tags HTTP/1.1" 404 147 "" "PostmanRuntime/7.26.1" 
 T3L9RE33NQT0VLB
api [2020-29-22 HH-07-13] INFO: ::1 - - "PUT /api/tags/2 HTTP/1.1" 200 101 "" "PostmanRuntime/7.26.1" 
 T3L9RE33NQT0VLB
api [2020-29-22 HH-07-26] INFO: ::1 - - "PUT /api/tags/2 HTTP/1.1" 200 101 "" "PostmanRuntime/7.26.1" 
 T3L9RE33NQT0VLB
api [2020-30-22 HH-07-22] INFO: ::1 - - "PUT /api/tags/2 HTTP/1.1" 200 101 "" "PostmanRuntime/7.26.1" 
 T3L9RE33NQT0VLB
api [2020-31-22 HH-07-00] INFO: ::1 - - "GET /api/tags HTTP/1.1" 200 166 "" "PostmanRuntime/7.26.1" 
 T3L9RE33NQT0VLB
api [2020-31-22 HH-07-26] INFO: ::1 - - "GET /api/tags?page=1&limit=10 HTTP/1.1" 200 185 "" "PostmanRuntime/7.26.1" 
 T3L9RE33NQT0VLB
api [2020-31-22 HH-07-36] INFO: ::1 - - "GET /api/tags?page=1&limit=1 HTTP/1.1" 200 122 "" "PostmanRuntime/7.26.1" 
 T3L9RE33NQT0VLB
api [2020-31-22 HH-07-46] INFO: ::1 - - "GET /api/tags?page=2&limit=1 HTTP/1.1" 200 122 "" "PostmanRuntime/7.26.1" 
 T3L9RE33NQT0VLB
api [2020-32-22 HH-07-12] INFO: ::1 - - "GET /api/tags/2 HTTP/1.1" 200 103 "" "PostmanRuntime/7.26.1" 
 T3L9RE33NQT0VLB
api [2020-32-22 HH-07-16] INFO: ::1 - - "GET /api/tags/1 HTTP/1.1" 200 103 "" "PostmanRuntime/7.26.1" 
 T3L9RE33NQT0VLB
api [2020-32-22 HH-07-38] INFO: ::1 - - "GET /api/tags?tag=%E5%AD%99%E4%B9%A6%E8%88%AA HTTP/1.1" 200 166 "" "PostmanRuntime/7.26.1" 
 T3L9RE33NQT0VLB
api [2020-33-22 HH-07-41] INFO: ::1 - - "GET /api/tags/?tag=%E5%AD%99%E4%B9%A6%E8%88%AA HTTP/1.1" 200 166 "" "PostmanRuntime/7.26.1" 
 T3L9RE33NQT0VLB
api [2020-33-22 HH-07-49] INFO: ::1 - - "GET /api/tags/1?tag=%E5%AD%99%E4%B9%A6%E8%88%AA HTTP/1.1" 200 166 "" "PostmanRuntime/7.26.1" 
 T3L9RE33NQT0VLB
api [2020-33-22 HH-07-56] INFO: ::1 - - "GET /api/tags/1 HTTP/1.1" 200 103 "" "PostmanRuntime/7.26.1" 
 T3L9RE33NQT0VLB
api [2020-37-22 HH-07-27] INFO: ::1 - - "GET /api/tags?tag=%E5%AD%99%E4%B9%A6%E8%88%AA HTTP/1.1" 200 103 "" "PostmanRuntime/7.26.1" 
 T3L9RE33NQT0VLB
api [2020-37-22 HH-07-59] INFO: ::1 - - "DELETE /api/tags/2 HTTP/1.1" 200 123 "" "PostmanRuntime/7.26.1" 
 T3L9RE33NQT0VLB
api [2020-38-22 HH-07-09] INFO: ::1 - - "DELETE /api/tags/1 HTTP/1.1" 200 123 "" "PostmanRuntime/7.26.1" 
 T3L9RE33NQT0VLB
api [2020-56-22 HH-07-52] INFO: ::1 - - "DELETE /api/tags?tag=123 HTTP/1.1" 404 150 "" "PostmanRuntime/7.26.1" 
 T3L9RE33NQT0VLB
api [2020-57-22 HH-07-04] INFO: ::1 - - "GET /api/tags?tag=123 HTTP/1.1" 200 41 "" "PostmanRuntime/7.26.1" 
 T3L9RE33NQT0VLB
api [2020-57-22 HH-07-32] INFO: ::1 - - "POST /api/tags HTTP/1.1" 200 84 "" "PostmanRuntime/7.26.1" 
 T3L9RE33NQT0VLB
api [2020-04-22 HH-07-09] INFO: ::1 - - "POST /api/tags HTTP/1.1" 200 43 "" "PostmanRuntime/7.26.1" 
 T3L9RE33NQT0VLB
api [2020-04-22 HH-07-42] INFO: ::1 - - "POST /api/tags HTTP/1.1" 200 84 "" "PostmanRuntime/7.26.1" 
 T3L9RE33NQT0VLB
api [2020-06-22 HH-07-12] INFO: ::1 - - "POST /api/tags HTTP/1.1" 200 85 "" "PostmanRuntime/7.26.1" 
 T3L9RE33NQT0VLB
api [2020-08-22 HH-07-44] INFO: ::1 - - "GET /api/tags HTTP/1.1" 200 230 "" "PostmanRuntime/7.26.1" 
 T3L9RE33NQT0VLB
api [2020-08-22 HH-07-59] INFO: ::1 - - "GET /api/tags?tag=%E5%88%98%E4%BA%9A%E6%A5%A0 HTTP/1.1" 200 104 "" "PostmanRuntime/7.26.1" 
 T3L9RE33NQT0VLB
api [2020-48-22 HH-07-59] INFO: ::1 - - "POST /api/tagandbolg HTTP/1.1" 200 87 "" "PostmanRuntime/7.26.1" 
 T3L9RE33NQT0VLB
api [2020-49-22 HH-07-49] INFO: ::1 - - "POST /api/tagandbolg HTTP/1.1" 200 43 "" "PostmanRuntime/7.26.1" 
 T3L9RE33NQT0VLB
api [2020-50-22 HH-07-43] INFO: ::1 - - "PUT /api/tagandbolg HTTP/1.1" 404 153 "" "PostmanRuntime/7.26.1" 
 T3L9RE33NQT0VLB
api [2020-50-22 HH-07-51] INFO: ::1 - - "PUT /api/tagandbolg/1 HTTP/1.1" 200 104 "" "PostmanRuntime/7.26.1" 
 T3L9RE33NQT0VLB
api [2020-51-22 HH-07-10] INFO: ::1 - - "GET /api/tagandbolg/1 HTTP/1.1" 200 106 "" "PostmanRuntime/7.26.1" 
 T3L9RE33NQT0VLB
api [2020-51-22 HH-07-15] INFO: ::1 - - "GET /api/tagandbolg HTTP/1.1" 200 106 "" "PostmanRuntime/7.26.1" 
 T3L9RE33NQT0VLB
api [2020-51-22 HH-07-37] INFO: ::1 - - "GET /api/tagandbolg?page=1 HTTP/1.1" 200 125 "" "PostmanRuntime/7.26.1" 
 T3L9RE33NQT0VLB
api [2020-52-22 HH-07-02] INFO: ::1 - - "DELETE /api/tagandbolg/1 HTTP/1.1" 404 158 "" "PostmanRuntime/7.26.1" 
 T3L9RE33NQT0VLB
api [2020-52-22 HH-07-35] INFO: ::1 - - "DELETE /api/tagandbolg/1 HTTP/1.1" 200 126 "" "PostmanRuntime/7.26.1" 
 T3L9RE33NQT0VLB
api [2020-56-22 HH-07-04] INFO: ::1 - - "POST /api/blog HTTP/1.1" 200 59 "" "PostmanRuntime/7.26.1" 
 T3L9RE33NQT0VLB
api [2020-58-22 HH-07-39] INFO: ::1 - - "POST /api/tags HTTP/1.1" 200 43 "" "PostmanRuntime/7.26.1" 
 T3L9RE33NQT0VLB
api [2020-58-22 HH-07-59] INFO: ::1 - - "POST /api/tags HTTP/1.1" 200 79 "" "PostmanRuntime/7.26.1" 
 T3L9RE33NQT0VLB
api [2020-04-22 HH-07-11] INFO: ::1 - - "POST /api/blog HTTP/1.1" 200 240 "" "PostmanRuntime/7.26.1" 
 T3L9RE33NQT0VLB
api [2020-14-22 HH-07-54] INFO: ::1 - - "POST /api/blog HTTP/1.1" 200 240 "" "PostmanRuntime/7.26.1" 
 T3L9RE33NQT0VLB
api [2020-31-22 HH-07-11] INFO: ::1 - - "POST /api/blog HTTP/1.1" 200 240 "" "PostmanRuntime/7.26.1" 
 T3L9RE33NQT0VLB
api [2020-32-22 HH-07-06] INFO: ::1 - - "POST /api/blog HTTP/1.1" 200 240 "" "PostmanRuntime/7.26.1" 
 T3L9RE33NQT0VLB
api [2020-33-22 HH-07-28] INFO: ::1 - - "POST /api/blog HTTP/1.1" 200 240 "" "PostmanRuntime/7.26.1" 
 T3L9RE33NQT0VLB
api [2020-38-22 HH-07-24] INFO: ::1 - - "POST /api/blog HTTP/1.1" 200 240 "" "PostmanRuntime/7.26.1" 
 T3L9RE33NQT0VLB
api [2020-39-22 HH-07-49] INFO: ::1 - - "POST /api/blog HTTP/1.1" 200 240 "" "PostmanRuntime/7.26.1" 
 T3L9RE33NQT0VLB
api [2020-41-22 HH-07-12] INFO: ::1 - - "POST /api/blog HTTP/1.1" 200 240 "" "PostmanRuntime/7.26.1" 
 T3L9RE33NQT0VLB
api [2020-42-22 HH-07-02] INFO: ::1 - - "POST /api/blog HTTP/1.1" 200 240 "" "PostmanRuntime/7.26.1" 
 T3L9RE33NQT0VLB
api [2020-43-22 HH-07-29] INFO: ::1 - - "POST /api/blog HTTP/1.1" 200 241 "" "PostmanRuntime/7.26.1" 
 T3L9RE33NQT0VLB
api [2020-46-22 HH-07-42] INFO: ::1 - - "POST /api/blog HTTP/1.1" 200 241 "" "PostmanRuntime/7.26.1" 
 T3L9RE33NQT0VLB
api [2020-50-22 HH-07-12] INFO: ::1 - - "POST /api/blog HTTP/1.1" 200 241 "" "PostmanRuntime/7.26.1" 
 T3L9RE33NQT0VLB
api [2020-51-22 HH-07-44] INFO: ::1 - - "POST /api/blog HTTP/1.1" 200 241 "" "PostmanRuntime/7.26.1" 
 T3L9RE33NQT0VLB
api [2020-53-22 HH-07-06] INFO: ::1 - - "POST /api/blog HTTP/1.1" 200 241 "" "PostmanRuntime/7.26.1" 
 T3L9RE33NQT0VLB
api [2020-17-22 HH-07-46] INFO: ::1 - - "POST /api/blog HTTP/1.1" 200 241 "" "PostmanRuntime/7.26.1" 
 T3L9RE33NQT0VLB
api [2020-15-22 HH-07-00] INFO: ::1 - - "POST /api/blog HTTP/1.1" 200 241 "" "PostmanRuntime/7.26.1" 
 T3L9RE33NQT0VLB
api [2020-18-22 HH-07-00] INFO: ::1 - - "POST /api/blog HTTP/1.1" 200 241 "" "PostmanRuntime/7.26.1" 
 T3L9RE33NQT0VLB
api [2020-18-22 HH-07-26] INFO: ::1 - - "POST /api/blog HTTP/1.1" 200 241 "" "PostmanRuntime/7.26.1" 
 T3L9RE33NQT0VLB
api [2020-20-22 HH-07-19] INFO: ::1 - - "POST /api/blog HTTP/1.1" 200 241 "" "PostmanRuntime/7.26.1" 
 T3L9RE33NQT0VLB
api [2020-25-22 HH-07-12] INFO: ::1 - - "POST /api/blog HTTP/1.1" 200 241 "" "PostmanRuntime/7.26.1" 
 T3L9RE33NQT0VLB
api [2020-26-22 HH-07-36] INFO: ::1 - - "POST /api/blog HTTP/1.1" 200 241 "" "PostmanRuntime/7.26.1" 
 T3L9RE33NQT0VLB
api [2020-27-22 HH-07-12] INFO: ::1 - - "POST /api/tags HTTP/1.1" 200 79 "" "PostmanRuntime/7.26.1" 
 T3L9RE33NQT0VLB
api [2020-27-22 HH-07-20] INFO: ::1 - - "POST /api/tags HTTP/1.1" 200 78 "" "PostmanRuntime/7.26.1" 
 T3L9RE33NQT0VLB
api [2020-30-22 HH-07-17] INFO: ::1 - - "POST /api/blog HTTP/1.1" 200 241 "" "PostmanRuntime/7.26.1" 
 T3L9RE33NQT0VLB
api [2020-33-22 HH-07-30] INFO: ::1 - - "POST /api/blog HTTP/1.1" 200 241 "" "PostmanRuntime/7.26.1" 
 T3L9RE33NQT0VLB
api [2020-34-22 HH-07-32] INFO: ::1 - - "POST /api/blog HTTP/1.1" 200 241 "" "PostmanRuntime/7.26.1" 
 T3L9RE33NQT0VLB
api [2020-35-22 HH-07-22] INFO: ::1 - - "GET /api/tags?page=1&limit=10 HTTP/1.1" 200 233 "" "PostmanRuntime/7.26.1" 
 T3L9RE33NQT0VLB
api [2020-35-22 HH-07-51] INFO: ::1 - - "GET /api/tags?page=1&limit=1 HTTP/1.1" 200 118 "" "PostmanRuntime/7.26.1" 
 T3L9RE33NQT0VLB
api [2020-36-22 HH-07-02] INFO: ::1 - - "GET /api/tags?page=1&limit=2 HTTP/1.1" 200 176 "" "PostmanRuntime/7.26.1" 
 T3L9RE33NQT0VLB
api [2020-39-22 HH-07-32] INFO: ::1 - - "POST /api/blog HTTP/1.1" 200 249 "" "PostmanRuntime/7.26.1" 
 T3L9RE33NQT0VLB
api [2020-40-22 HH-07-22] INFO: ::1 - - "GET /api/tags?page=1&limit=2 HTTP/1.1" 200 179 "" "PostmanRuntime/7.26.1" 
 T3L9RE33NQT0VLB
api [2020-42-22 HH-07-52] INFO: ::1 - - "POST /api/tags HTTP/1.1" 200 78 "" "PostmanRuntime/7.26.1" 
 T3L9RE33NQT0VLB
api [2020-50-22 HH-07-55] INFO: ::1 - - "POST /api/blog HTTP/1.1" 200 249 "" "PostmanRuntime/7.26.1" 
 T3L9RE33NQT0VLB
api [2020-59-22 HH-07-09] INFO: ::1 - - "PUT /api/blog HTTP/1.1" 404 147 "" "PostmanRuntime/7.26.1" 
 T3L9RE33NQT0VLB
api [2020-59-22 HH-07-40] INFO: ::1 - - "PUT /api/blog HTTP/1.1" 404 147 "" "PostmanRuntime/7.26.1" 
 T3L9RE33NQT0VLB
api [2020-59-22 HH-07-41] INFO: ::1 - - "PUT /api/blog HTTP/1.1" 404 147 "" "PostmanRuntime/7.26.1" 
 T3L9RE33NQT0VLB
